Determining if the pthread_create exist failed with the following output:
Change Dir: /home/vsemi/sdk/VSEMI_TOF_SDK2/samples/opencv_pcl/build/CMakeFiles/CMakeTmp

Run Build Command:"/usr/bin/make" "cmTC_1c8cc/fast"
/usr/bin/make -f CMakeFiles/cmTC_1c8cc.dir/build.make CMakeFiles/cmTC_1c8cc.dir/build
make[1]: Entering directory '/home/vsemi/sdk/VSEMI_TOF_SDK2/samples/opencv_pcl/build/CMakeFiles/CMakeTmp'
Building C object CMakeFiles/cmTC_1c8cc.dir/CheckSymbolExists.c.o
/usr/bin/cc    -o CMakeFiles/cmTC_1c8cc.dir/CheckSymbolExists.c.o   -c /home/vsemi/sdk/VSEMI_TOF_SDK2/samples/opencv_pcl/build/CMakeFiles/CMakeTmp/CheckSymbolExists.c
Linking C executable cmTC_1c8cc
/usr/bin/cmake -E cmake_link_script CMakeFiles/cmTC_1c8cc.dir/link.txt --verbose=1
/usr/bin/cc      CMakeFiles/cmTC_1c8cc.dir/CheckSymbolExists.c.o  -o cmTC_1c8cc 
CMakeFiles/cmTC_1c8cc.dir/CheckSymbolExists.c.o: In function `main':
CheckSymbolExists.c:(.text+0x1b): undefined reference to `pthread_create'
collect2: error: ld returned 1 exit status
CMakeFiles/cmTC_1c8cc.dir/build.make:97: recipe for target 'cmTC_1c8cc' failed
make[1]: *** [cmTC_1c8cc] Error 1
make[1]: Leaving directory '/home/vsemi/sdk/VSEMI_TOF_SDK2/samples/opencv_pcl/build/CMakeFiles/CMakeTmp'
Makefile:126: recipe for target 'cmTC_1c8cc/fast' failed
make: *** [cmTC_1c8cc/fast] Error 2

File /home/vsemi/sdk/VSEMI_TOF_SDK2/samples/opencv_pcl/build/CMakeFiles/CMakeTmp/CheckSymbolExists.c:
/* */
#include <pthread.h>

int main(int argc, char** argv)
{
  (void)argv;
#ifndef pthread_create
  return ((int*)(&pthread_create))[argc];
#else
  (void)argc;
  return 0;
#endif
}

Determining if the function pthread_create exists in the pthreads failed with the following output:
Change Dir: /home/vsemi/sdk/VSEMI_TOF_SDK2/samples/opencv_pcl/build/CMakeFiles/CMakeTmp

Run Build Command:"/usr/bin/make" "cmTC_d1179/fast"
/usr/bin/make -f CMakeFiles/cmTC_d1179.dir/build.make CMakeFiles/cmTC_d1179.dir/build
make[1]: Entering directory '/home/vsemi/sdk/VSEMI_TOF_SDK2/samples/opencv_pcl/build/CMakeFiles/CMakeTmp'
Building C object CMakeFiles/cmTC_d1179.dir/CheckFunctionExists.c.o
/usr/bin/cc   -DCHECK_FUNCTION_EXISTS=pthread_create   -o CMakeFiles/cmTC_d1179.dir/CheckFunctionExists.c.o   -c /usr/share/cmake-3.10/Modules/CheckFunctionExists.c
Linking C executable cmTC_d1179
/usr/bin/cmake -E cmake_link_script CMakeFiles/cmTC_d1179.dir/link.txt --verbose=1
/usr/bin/cc  -DCHECK_FUNCTION_EXISTS=pthread_create    CMakeFiles/cmTC_d1179.dir/CheckFunctionExists.c.o  -o cmTC_d1179 -lpthreads 
/usr/bin/ld: cannot find -lpthreads
collect2: error: ld returned 1 exit status
CMakeFiles/cmTC_d1179.dir/build.make:97: recipe for target 'cmTC_d1179' failed
make[1]: *** [cmTC_d1179] Error 1
make[1]: Leaving directory '/home/vsemi/sdk/VSEMI_TOF_SDK2/samples/opencv_pcl/build/CMakeFiles/CMakeTmp'
Makefile:126: recipe for target 'cmTC_d1179/fast' failed
make: *** [cmTC_d1179/fast] Error 2


